<?xml version="1.0" encoding="UTF-8"?>
<testsuite xmlns:xsi="http://www.w3.org/2001/XMLSchema-instance" xsi:noNamespaceSchemaLocation="https://maven.apache.org/surefire/maven-surefire-plugin/xsd/surefire-test-report.xsd" name="com.tlf.arq.les.wip.configservertest.ConfigservertestApplicationTests" time="12.989" tests="1" errors="0" skipped="0" failures="0">
  <properties>
    <property name="sun.desktop" value="windows"/>
    <property name="awt.toolkit" value="sun.awt.windows.WToolkit"/>
    <property name="file.encoding.pkg" value="sun.io"/>
    <property name="java.specification.version" value="1.8"/>
    <property name="sun.cpu.isalist" value="amd64"/>
    <property name="sun.jnu.encoding" value="Cp1252"/>
    <property name="java.class.path" value="D:\Work\WKS\Java\ConfigServerTest\ClientConfigServer\target\test-classes;D:\Work\WKS\Java\ConfigServerTest\ClientConfigServer\target\classes;D:\Tools\Maven\m2repo\org\springframework\boot\spring-boot-starter-web\2.2.6.RELEASE\spring-boot-starter-web-2.2.6.RELEASE.jar;D:\Tools\Maven\m2repo\org\springframework\boot\spring-boot-starter\2.2.6.RELEASE\spring-boot-starter-2.2.6.RELEASE.jar;D:\Tools\Maven\m2repo\org\springframework\boot\spring-boot\2.2.6.RELEASE\spring-boot-2.2.6.RELEASE.jar;D:\Tools\Maven\m2repo\org\springframework\boot\spring-boot-autoconfigure\2.2.6.RELEASE\spring-boot-autoconfigure-2.2.6.RELEASE.jar;D:\Tools\Maven\m2repo\org\springframework\boot\spring-boot-starter-logging\2.2.6.RELEASE\spring-boot-starter-logging-2.2.6.RELEASE.jar;D:\Tools\Maven\m2repo\ch\qos\logback\logback-classic\1.2.3\logback-classic-1.2.3.jar;D:\Tools\Maven\m2repo\ch\qos\logback\logback-core\1.2.3\logback-core-1.2.3.jar;D:\Tools\Maven\m2repo\org\apache\logging\log4j\log4j-to-slf4j\2.12.1\log4j-to-slf4j-2.12.1.jar;D:\Tools\Maven\m2repo\org\apache\logging\log4j\log4j-api\2.12.1\log4j-api-2.12.1.jar;D:\Tools\Maven\m2repo\org\slf4j\jul-to-slf4j\1.7.30\jul-to-slf4j-1.7.30.jar;D:\Tools\Maven\m2repo\jakarta\annotation\jakarta.annotation-api\1.3.5\jakarta.annotation-api-1.3.5.jar;D:\Tools\Maven\m2repo\org\springframework\boot\spring-boot-starter-json\2.2.6.RELEASE\spring-boot-starter-json-2.2.6.RELEASE.jar;D:\Tools\Maven\m2repo\com\fasterxml\jackson\datatype\jackson-datatype-jdk8\2.10.3\jackson-datatype-jdk8-2.10.3.jar;D:\Tools\Maven\m2repo\com\fasterxml\jackson\datatype\jackson-datatype-jsr310\2.10.3\jackson-datatype-jsr310-2.10.3.jar;D:\Tools\Maven\m2repo\com\fasterxml\jackson\module\jackson-module-parameter-names\2.10.3\jackson-module-parameter-names-2.10.3.jar;D:\Tools\Maven\m2repo\org\springframework\boot\spring-boot-starter-tomcat\2.2.6.RELEASE\spring-boot-starter-tomcat-2.2.6.RELEASE.jar;D:\Tools\Maven\m2repo\org\apache\tomcat\embed\tomcat-embed-core\9.0.33\tomcat-embed-core-9.0.33.jar;D:\Tools\Maven\m2repo\org\apache\tomcat\embed\tomcat-embed-el\9.0.33\tomcat-embed-el-9.0.33.jar;D:\Tools\Maven\m2repo\org\apache\tomcat\embed\tomcat-embed-websocket\9.0.33\tomcat-embed-websocket-9.0.33.jar;D:\Tools\Maven\m2repo\org\springframework\boot\spring-boot-starter-validation\2.2.6.RELEASE\spring-boot-starter-validation-2.2.6.RELEASE.jar;D:\Tools\Maven\m2repo\jakarta\validation\jakarta.validation-api\2.0.2\jakarta.validation-api-2.0.2.jar;D:\Tools\Maven\m2repo\org\hibernate\validator\hibernate-validator\6.0.18.Final\hibernate-validator-6.0.18.Final.jar;D:\Tools\Maven\m2repo\org\jboss\logging\jboss-logging\3.4.1.Final\jboss-logging-3.4.1.Final.jar;D:\Tools\Maven\m2repo\com\fasterxml\classmate\1.5.1\classmate-1.5.1.jar;D:\Tools\Maven\m2repo\org\springframework\spring-web\5.2.5.RELEASE\spring-web-5.2.5.RELEASE.jar;D:\Tools\Maven\m2repo\org\springframework\spring-beans\5.2.5.RELEASE\spring-beans-5.2.5.RELEASE.jar;D:\Tools\Maven\m2repo\org\springframework\spring-webmvc\5.2.5.RELEASE\spring-webmvc-5.2.5.RELEASE.jar;D:\Tools\Maven\m2repo\org\springframework\spring-aop\5.2.5.RELEASE\spring-aop-5.2.5.RELEASE.jar;D:\Tools\Maven\m2repo\org\springframework\spring-context\5.2.5.RELEASE\spring-context-5.2.5.RELEASE.jar;D:\Tools\Maven\m2repo\org\springframework\spring-expression\5.2.5.RELEASE\spring-expression-5.2.5.RELEASE.jar;D:\Tools\Maven\m2repo\org\springframework\cloud\spring-cloud-config-server\2.2.2.RELEASE\spring-cloud-config-server-2.2.2.RELEASE.jar;D:\Tools\Maven\m2repo\org\springframework\cloud\spring-cloud-config-client\2.2.2.RELEASE\spring-cloud-config-client-2.2.2.RELEASE.jar;D:\Tools\Maven\m2repo\org\springframework\cloud\spring-cloud-commons\2.2.2.RELEASE\spring-cloud-commons-2.2.2.RELEASE.jar;D:\Tools\Maven\m2repo\org\springframework\cloud\spring-cloud-context\2.2.2.RELEASE\spring-cloud-context-2.2.2.RELEASE.jar;D:\Tools\Maven\m2repo\com\fasterxml\jackson\core\jackson-annotations\2.10.3\jackson-annotations-2.10.3.jar;D:\Tools\Maven\m2repo\org\springframework\boot\spring-boot-starter-actuator\2.2.6.RELEASE\spring-boot-starter-actuator-2.2.6.RELEASE.jar;D:\Tools\Maven\m2repo\org\springframework\boot\spring-boot-actuator-autoconfigure\2.2.6.RELEASE\spring-boot-actuator-autoconfigure-2.2.6.RELEASE.jar;D:\Tools\Maven\m2repo\org\springframework\boot\spring-boot-actuator\2.2.6.RELEASE\spring-boot-actuator-2.2.6.RELEASE.jar;D:\Tools\Maven\m2repo\io\micrometer\micrometer-core\1.3.6\micrometer-core-1.3.6.jar;D:\Tools\Maven\m2repo\org\hdrhistogram\HdrHistogram\2.1.11\HdrHistogram-2.1.11.jar;D:\Tools\Maven\m2repo\org\latencyutils\LatencyUtils\2.0.3\LatencyUtils-2.0.3.jar;D:\Tools\Maven\m2repo\org\springframework\security\spring-security-crypto\5.2.2.RELEASE\spring-security-crypto-5.2.2.RELEASE.jar;D:\Tools\Maven\m2repo\org\springframework\security\spring-security-rsa\1.0.9.RELEASE\spring-security-rsa-1.0.9.RELEASE.jar;D:\Tools\Maven\m2repo\org\bouncycastle\bcpkix-jdk15on\1.64\bcpkix-jdk15on-1.64.jar;D:\Tools\Maven\m2repo\org\bouncycastle\bcprov-jdk15on\1.64\bcprov-jdk15on-1.64.jar;D:\Tools\Maven\m2repo\org\eclipse\jgit\org.eclipse.jgit\5.1.3.201810200350-r\org.eclipse.jgit-5.1.3.201810200350-r.jar;D:\Tools\Maven\m2repo\com\jcraft\jsch\0.1.54\jsch-0.1.54.jar;D:\Tools\Maven\m2repo\com\jcraft\jzlib\1.1.1\jzlib-1.1.1.jar;D:\Tools\Maven\m2repo\com\googlecode\javaewah\JavaEWAH\1.1.6\JavaEWAH-1.1.6.jar;D:\Tools\Maven\m2repo\org\slf4j\slf4j-api\1.7.30\slf4j-api-1.7.30.jar;D:\Tools\Maven\m2repo\org\eclipse\jgit\org.eclipse.jgit.http.apache\5.1.3.201810200350-r\org.eclipse.jgit.http.apache-5.1.3.201810200350-r.jar;D:\Tools\Maven\m2repo\org\apache\httpcomponents\httpclient\4.5.12\httpclient-4.5.12.jar;D:\Tools\Maven\m2repo\commons-codec\commons-codec\1.13\commons-codec-1.13.jar;D:\Tools\Maven\m2repo\org\apache\httpcomponents\httpcore\4.4.13\httpcore-4.4.13.jar;D:\Tools\Maven\m2repo\org\yaml\snakeyaml\1.25\snakeyaml-1.25.jar;D:\Tools\Maven\m2repo\com\fasterxml\jackson\dataformat\jackson-dataformat-yaml\2.10.3\jackson-dataformat-yaml-2.10.3.jar;D:\Tools\Maven\m2repo\com\fasterxml\jackson\core\jackson-core\2.10.3\jackson-core-2.10.3.jar;D:\Tools\Maven\m2repo\org\springframework\cloud\spring-cloud-starter-config\2.2.2.RELEASE\spring-cloud-starter-config-2.2.2.RELEASE.jar;D:\Tools\Maven\m2repo\org\springframework\cloud\spring-cloud-starter\2.2.2.RELEASE\spring-cloud-starter-2.2.2.RELEASE.jar;D:\Tools\Maven\m2repo\com\fasterxml\jackson\core\jackson-databind\2.10.3\jackson-databind-2.10.3.jar;D:\Tools\Maven\m2repo\org\springframework\boot\spring-boot-starter-test\2.2.6.RELEASE\spring-boot-starter-test-2.2.6.RELEASE.jar;D:\Tools\Maven\m2repo\org\springframework\boot\spring-boot-test\2.2.6.RELEASE\spring-boot-test-2.2.6.RELEASE.jar;D:\Tools\Maven\m2repo\org\springframework\boot\spring-boot-test-autoconfigure\2.2.6.RELEASE\spring-boot-test-autoconfigure-2.2.6.RELEASE.jar;D:\Tools\Maven\m2repo\com\jayway\jsonpath\json-path\2.4.0\json-path-2.4.0.jar;D:\Tools\Maven\m2repo\net\minidev\json-smart\2.3\json-smart-2.3.jar;D:\Tools\Maven\m2repo\net\minidev\accessors-smart\1.2\accessors-smart-1.2.jar;D:\Tools\Maven\m2repo\org\ow2\asm\asm\5.0.4\asm-5.0.4.jar;D:\Tools\Maven\m2repo\jakarta\xml\bind\jakarta.xml.bind-api\2.3.3\jakarta.xml.bind-api-2.3.3.jar;D:\Tools\Maven\m2repo\jakarta\activation\jakarta.activation-api\1.2.2\jakarta.activation-api-1.2.2.jar;D:\Tools\Maven\m2repo\org\junit\jupiter\junit-jupiter\5.5.2\junit-jupiter-5.5.2.jar;D:\Tools\Maven\m2repo\org\junit\jupiter\junit-jupiter-api\5.5.2\junit-jupiter-api-5.5.2.jar;D:\Tools\Maven\m2repo\org\apiguardian\apiguardian-api\1.1.0\apiguardian-api-1.1.0.jar;D:\Tools\Maven\m2repo\org\opentest4j\opentest4j\1.2.0\opentest4j-1.2.0.jar;D:\Tools\Maven\m2repo\org\junit\platform\junit-platform-commons\1.5.2\junit-platform-commons-1.5.2.jar;D:\Tools\Maven\m2repo\org\junit\jupiter\junit-jupiter-params\5.5.2\junit-jupiter-params-5.5.2.jar;D:\Tools\Maven\m2repo\org\junit\jupiter\junit-jupiter-engine\5.5.2\junit-jupiter-engine-5.5.2.jar;D:\Tools\Maven\m2repo\org\junit\platform\junit-platform-engine\1.5.2\junit-platform-engine-1.5.2.jar;D:\Tools\Maven\m2repo\org\mockito\mockito-junit-jupiter\3.1.0\mockito-junit-jupiter-3.1.0.jar;D:\Tools\Maven\m2repo\org\assertj\assertj-core\3.13.2\assertj-core-3.13.2.jar;D:\Tools\Maven\m2repo\org\hamcrest\hamcrest\2.1\hamcrest-2.1.jar;D:\Tools\Maven\m2repo\org\mockito\mockito-core\3.1.0\mockito-core-3.1.0.jar;D:\Tools\Maven\m2repo\net\bytebuddy\byte-buddy\1.10.8\byte-buddy-1.10.8.jar;D:\Tools\Maven\m2repo\net\bytebuddy\byte-buddy-agent\1.10.8\byte-buddy-agent-1.10.8.jar;D:\Tools\Maven\m2repo\org\objenesis\objenesis\2.6\objenesis-2.6.jar;D:\Tools\Maven\m2repo\org\skyscreamer\jsonassert\1.5.0\jsonassert-1.5.0.jar;D:\Tools\Maven\m2repo\com\vaadin\external\google\android-json\0.0.20131108.vaadin1\android-json-0.0.20131108.vaadin1.jar;D:\Tools\Maven\m2repo\org\springframework\spring-core\5.2.5.RELEASE\spring-core-5.2.5.RELEASE.jar;D:\Tools\Maven\m2repo\org\springframework\spring-jcl\5.2.5.RELEASE\spring-jcl-5.2.5.RELEASE.jar;D:\Tools\Maven\m2repo\org\springframework\spring-test\5.2.5.RELEASE\spring-test-5.2.5.RELEASE.jar;D:\Tools\Maven\m2repo\org\xmlunit\xmlunit-core\2.6.4\xmlunit-core-2.6.4.jar;"/>
    <property name="java.vm.vendor" value="Oracle Corporation"/>
    <property name="sun.arch.data.model" value="64"/>
    <property name="user.variant" value=""/>
    <property name="java.vendor.url" value="http://java.oracle.com/"/>
    <property name="user.timezone" value="Europe/Paris"/>
    <property name="java.vm.specification.version" value="1.8"/>
    <property name="os.name" value="Windows 10"/>
    <property name="user.country" value="ES"/>
    <property name="sun.java.launcher" value="SUN_STANDARD"/>
    <property name="sun.boot.library.path" value="C:\Program Files\Java\jdk1.8.0_151\jre\bin"/>
    <property name="sun.java.command" value="D:\cg00046\AppData\Local\Temp\surefire3509787026017855595\surefirebooter228776790113548543.jar D:\cg00046\AppData\Local\Temp\surefire3509787026017855595 2020-05-08T13-19-55_508-jvmRun1 surefire8099453781776179333tmp surefire_03944785773185332100tmp"/>
    <property name="surefire.test.class.path" value="D:\Work\WKS\Java\ConfigServerTest\ClientConfigServer\target\test-classes;D:\Work\WKS\Java\ConfigServerTest\ClientConfigServer\target\classes;D:\Tools\Maven\m2repo\org\springframework\boot\spring-boot-starter-web\2.2.6.RELEASE\spring-boot-starter-web-2.2.6.RELEASE.jar;D:\Tools\Maven\m2repo\org\springframework\boot\spring-boot-starter\2.2.6.RELEASE\spring-boot-starter-2.2.6.RELEASE.jar;D:\Tools\Maven\m2repo\org\springframework\boot\spring-boot\2.2.6.RELEASE\spring-boot-2.2.6.RELEASE.jar;D:\Tools\Maven\m2repo\org\springframework\boot\spring-boot-autoconfigure\2.2.6.RELEASE\spring-boot-autoconfigure-2.2.6.RELEASE.jar;D:\Tools\Maven\m2repo\org\springframework\boot\spring-boot-starter-logging\2.2.6.RELEASE\spring-boot-starter-logging-2.2.6.RELEASE.jar;D:\Tools\Maven\m2repo\ch\qos\logback\logback-classic\1.2.3\logback-classic-1.2.3.jar;D:\Tools\Maven\m2repo\ch\qos\logback\logback-core\1.2.3\logback-core-1.2.3.jar;D:\Tools\Maven\m2repo\org\apache\logging\log4j\log4j-to-slf4j\2.12.1\log4j-to-slf4j-2.12.1.jar;D:\Tools\Maven\m2repo\org\apache\logging\log4j\log4j-api\2.12.1\log4j-api-2.12.1.jar;D:\Tools\Maven\m2repo\org\slf4j\jul-to-slf4j\1.7.30\jul-to-slf4j-1.7.30.jar;D:\Tools\Maven\m2repo\jakarta\annotation\jakarta.annotation-api\1.3.5\jakarta.annotation-api-1.3.5.jar;D:\Tools\Maven\m2repo\org\springframework\boot\spring-boot-starter-json\2.2.6.RELEASE\spring-boot-starter-json-2.2.6.RELEASE.jar;D:\Tools\Maven\m2repo\com\fasterxml\jackson\datatype\jackson-datatype-jdk8\2.10.3\jackson-datatype-jdk8-2.10.3.jar;D:\Tools\Maven\m2repo\com\fasterxml\jackson\datatype\jackson-datatype-jsr310\2.10.3\jackson-datatype-jsr310-2.10.3.jar;D:\Tools\Maven\m2repo\com\fasterxml\jackson\module\jackson-module-parameter-names\2.10.3\jackson-module-parameter-names-2.10.3.jar;D:\Tools\Maven\m2repo\org\springframework\boot\spring-boot-starter-tomcat\2.2.6.RELEASE\spring-boot-starter-tomcat-2.2.6.RELEASE.jar;D:\Tools\Maven\m2repo\org\apache\tomcat\embed\tomcat-embed-core\9.0.33\tomcat-embed-core-9.0.33.jar;D:\Tools\Maven\m2repo\org\apache\tomcat\embed\tomcat-embed-el\9.0.33\tomcat-embed-el-9.0.33.jar;D:\Tools\Maven\m2repo\org\apache\tomcat\embed\tomcat-embed-websocket\9.0.33\tomcat-embed-websocket-9.0.33.jar;D:\Tools\Maven\m2repo\org\springframework\boot\spring-boot-starter-validation\2.2.6.RELEASE\spring-boot-starter-validation-2.2.6.RELEASE.jar;D:\Tools\Maven\m2repo\jakarta\validation\jakarta.validation-api\2.0.2\jakarta.validation-api-2.0.2.jar;D:\Tools\Maven\m2repo\org\hibernate\validator\hibernate-validator\6.0.18.Final\hibernate-validator-6.0.18.Final.jar;D:\Tools\Maven\m2repo\org\jboss\logging\jboss-logging\3.4.1.Final\jboss-logging-3.4.1.Final.jar;D:\Tools\Maven\m2repo\com\fasterxml\classmate\1.5.1\classmate-1.5.1.jar;D:\Tools\Maven\m2repo\org\springframework\spring-web\5.2.5.RELEASE\spring-web-5.2.5.RELEASE.jar;D:\Tools\Maven\m2repo\org\springframework\spring-beans\5.2.5.RELEASE\spring-beans-5.2.5.RELEASE.jar;D:\Tools\Maven\m2repo\org\springframework\spring-webmvc\5.2.5.RELEASE\spring-webmvc-5.2.5.RELEASE.jar;D:\Tools\Maven\m2repo\org\springframework\spring-aop\5.2.5.RELEASE\spring-aop-5.2.5.RELEASE.jar;D:\Tools\Maven\m2repo\org\springframework\spring-context\5.2.5.RELEASE\spring-context-5.2.5.RELEASE.jar;D:\Tools\Maven\m2repo\org\springframework\spring-expression\5.2.5.RELEASE\spring-expression-5.2.5.RELEASE.jar;D:\Tools\Maven\m2repo\org\springframework\cloud\spring-cloud-config-server\2.2.2.RELEASE\spring-cloud-config-server-2.2.2.RELEASE.jar;D:\Tools\Maven\m2repo\org\springframework\cloud\spring-cloud-config-client\2.2.2.RELEASE\spring-cloud-config-client-2.2.2.RELEASE.jar;D:\Tools\Maven\m2repo\org\springframework\cloud\spring-cloud-commons\2.2.2.RELEASE\spring-cloud-commons-2.2.2.RELEASE.jar;D:\Tools\Maven\m2repo\org\springframework\cloud\spring-cloud-context\2.2.2.RELEASE\spring-cloud-context-2.2.2.RELEASE.jar;D:\Tools\Maven\m2repo\com\fasterxml\jackson\core\jackson-annotations\2.10.3\jackson-annotations-2.10.3.jar;D:\Tools\Maven\m2repo\org\springframework\boot\spring-boot-starter-actuator\2.2.6.RELEASE\spring-boot-starter-actuator-2.2.6.RELEASE.jar;D:\Tools\Maven\m2repo\org\springframework\boot\spring-boot-actuator-autoconfigure\2.2.6.RELEASE\spring-boot-actuator-autoconfigure-2.2.6.RELEASE.jar;D:\Tools\Maven\m2repo\org\springframework\boot\spring-boot-actuator\2.2.6.RELEASE\spring-boot-actuator-2.2.6.RELEASE.jar;D:\Tools\Maven\m2repo\io\micrometer\micrometer-core\1.3.6\micrometer-core-1.3.6.jar;D:\Tools\Maven\m2repo\org\hdrhistogram\HdrHistogram\2.1.11\HdrHistogram-2.1.11.jar;D:\Tools\Maven\m2repo\org\latencyutils\LatencyUtils\2.0.3\LatencyUtils-2.0.3.jar;D:\Tools\Maven\m2repo\org\springframework\security\spring-security-crypto\5.2.2.RELEASE\spring-security-crypto-5.2.2.RELEASE.jar;D:\Tools\Maven\m2repo\org\springframework\security\spring-security-rsa\1.0.9.RELEASE\spring-security-rsa-1.0.9.RELEASE.jar;D:\Tools\Maven\m2repo\org\bouncycastle\bcpkix-jdk15on\1.64\bcpkix-jdk15on-1.64.jar;D:\Tools\Maven\m2repo\org\bouncycastle\bcprov-jdk15on\1.64\bcprov-jdk15on-1.64.jar;D:\Tools\Maven\m2repo\org\eclipse\jgit\org.eclipse.jgit\5.1.3.201810200350-r\org.eclipse.jgit-5.1.3.201810200350-r.jar;D:\Tools\Maven\m2repo\com\jcraft\jsch\0.1.54\jsch-0.1.54.jar;D:\Tools\Maven\m2repo\com\jcraft\jzlib\1.1.1\jzlib-1.1.1.jar;D:\Tools\Maven\m2repo\com\googlecode\javaewah\JavaEWAH\1.1.6\JavaEWAH-1.1.6.jar;D:\Tools\Maven\m2repo\org\slf4j\slf4j-api\1.7.30\slf4j-api-1.7.30.jar;D:\Tools\Maven\m2repo\org\eclipse\jgit\org.eclipse.jgit.http.apache\5.1.3.201810200350-r\org.eclipse.jgit.http.apache-5.1.3.201810200350-r.jar;D:\Tools\Maven\m2repo\org\apache\httpcomponents\httpclient\4.5.12\httpclient-4.5.12.jar;D:\Tools\Maven\m2repo\commons-codec\commons-codec\1.13\commons-codec-1.13.jar;D:\Tools\Maven\m2repo\org\apache\httpcomponents\httpcore\4.4.13\httpcore-4.4.13.jar;D:\Tools\Maven\m2repo\org\yaml\snakeyaml\1.25\snakeyaml-1.25.jar;D:\Tools\Maven\m2repo\com\fasterxml\jackson\dataformat\jackson-dataformat-yaml\2.10.3\jackson-dataformat-yaml-2.10.3.jar;D:\Tools\Maven\m2repo\com\fasterxml\jackson\core\jackson-core\2.10.3\jackson-core-2.10.3.jar;D:\Tools\Maven\m2repo\org\springframework\cloud\spring-cloud-starter-config\2.2.2.RELEASE\spring-cloud-starter-config-2.2.2.RELEASE.jar;D:\Tools\Maven\m2repo\org\springframework\cloud\spring-cloud-starter\2.2.2.RELEASE\spring-cloud-starter-2.2.2.RELEASE.jar;D:\Tools\Maven\m2repo\com\fasterxml\jackson\core\jackson-databind\2.10.3\jackson-databind-2.10.3.jar;D:\Tools\Maven\m2repo\org\springframework\boot\spring-boot-starter-test\2.2.6.RELEASE\spring-boot-starter-test-2.2.6.RELEASE.jar;D:\Tools\Maven\m2repo\org\springframework\boot\spring-boot-test\2.2.6.RELEASE\spring-boot-test-2.2.6.RELEASE.jar;D:\Tools\Maven\m2repo\org\springframework\boot\spring-boot-test-autoconfigure\2.2.6.RELEASE\spring-boot-test-autoconfigure-2.2.6.RELEASE.jar;D:\Tools\Maven\m2repo\com\jayway\jsonpath\json-path\2.4.0\json-path-2.4.0.jar;D:\Tools\Maven\m2repo\net\minidev\json-smart\2.3\json-smart-2.3.jar;D:\Tools\Maven\m2repo\net\minidev\accessors-smart\1.2\accessors-smart-1.2.jar;D:\Tools\Maven\m2repo\org\ow2\asm\asm\5.0.4\asm-5.0.4.jar;D:\Tools\Maven\m2repo\jakarta\xml\bind\jakarta.xml.bind-api\2.3.3\jakarta.xml.bind-api-2.3.3.jar;D:\Tools\Maven\m2repo\jakarta\activation\jakarta.activation-api\1.2.2\jakarta.activation-api-1.2.2.jar;D:\Tools\Maven\m2repo\org\junit\jupiter\junit-jupiter\5.5.2\junit-jupiter-5.5.2.jar;D:\Tools\Maven\m2repo\org\junit\jupiter\junit-jupiter-api\5.5.2\junit-jupiter-api-5.5.2.jar;D:\Tools\Maven\m2repo\org\apiguardian\apiguardian-api\1.1.0\apiguardian-api-1.1.0.jar;D:\Tools\Maven\m2repo\org\opentest4j\opentest4j\1.2.0\opentest4j-1.2.0.jar;D:\Tools\Maven\m2repo\org\junit\platform\junit-platform-commons\1.5.2\junit-platform-commons-1.5.2.jar;D:\Tools\Maven\m2repo\org\junit\jupiter\junit-jupiter-params\5.5.2\junit-jupiter-params-5.5.2.jar;D:\Tools\Maven\m2repo\org\junit\jupiter\junit-jupiter-engine\5.5.2\junit-jupiter-engine-5.5.2.jar;D:\Tools\Maven\m2repo\org\junit\platform\junit-platform-engine\1.5.2\junit-platform-engine-1.5.2.jar;D:\Tools\Maven\m2repo\org\mockito\mockito-junit-jupiter\3.1.0\mockito-junit-jupiter-3.1.0.jar;D:\Tools\Maven\m2repo\org\assertj\assertj-core\3.13.2\assertj-core-3.13.2.jar;D:\Tools\Maven\m2repo\org\hamcrest\hamcrest\2.1\hamcrest-2.1.jar;D:\Tools\Maven\m2repo\org\mockito\mockito-core\3.1.0\mockito-core-3.1.0.jar;D:\Tools\Maven\m2repo\net\bytebuddy\byte-buddy\1.10.8\byte-buddy-1.10.8.jar;D:\Tools\Maven\m2repo\net\bytebuddy\byte-buddy-agent\1.10.8\byte-buddy-agent-1.10.8.jar;D:\Tools\Maven\m2repo\org\objenesis\objenesis\2.6\objenesis-2.6.jar;D:\Tools\Maven\m2repo\org\skyscreamer\jsonassert\1.5.0\jsonassert-1.5.0.jar;D:\Tools\Maven\m2repo\com\vaadin\external\google\android-json\0.0.20131108.vaadin1\android-json-0.0.20131108.vaadin1.jar;D:\Tools\Maven\m2repo\org\springframework\spring-core\5.2.5.RELEASE\spring-core-5.2.5.RELEASE.jar;D:\Tools\Maven\m2repo\org\springframework\spring-jcl\5.2.5.RELEASE\spring-jcl-5.2.5.RELEASE.jar;D:\Tools\Maven\m2repo\org\springframework\spring-test\5.2.5.RELEASE\spring-test-5.2.5.RELEASE.jar;D:\Tools\Maven\m2repo\org\xmlunit\xmlunit-core\2.6.4\xmlunit-core-2.6.4.jar;"/>
    <property name="sun.cpu.endian" value="little"/>
    <property name="user.home" value="C:\Users\cg00046"/>
    <property name="user.language" value="es"/>
    <property name="java.specification.vendor" value="Oracle Corporation"/>
    <property name="java.home" value="C:\Program Files\Java\jdk1.8.0_151\jre"/>
    <property name="basedir" value="D:\Work\WKS\Java\ConfigServerTest\ClientConfigServer"/>
    <property name="file.separator" value="\"/>
    <property name="line.separator" value="&#10;"/>
    <property name="java.vm.specification.vendor" value="Oracle Corporation"/>
    <property name="java.specification.name" value="Java Platform API Specification"/>
    <property name="java.awt.graphicsenv" value="sun.awt.Win32GraphicsEnvironment"/>
    <property name="surefire.real.class.path" value="D:\cg00046\AppData\Local\Temp\surefire3509787026017855595\surefirebooter228776790113548543.jar"/>
    <property name="sun.boot.class.path" value="C:\Program Files\Java\jdk1.8.0_151\jre\lib\resources.jar;C:\Program Files\Java\jdk1.8.0_151\jre\lib\rt.jar;C:\Program Files\Java\jdk1.8.0_151\jre\lib\sunrsasign.jar;C:\Program Files\Java\jdk1.8.0_151\jre\lib\jsse.jar;C:\Program Files\Java\jdk1.8.0_151\jre\lib\jce.jar;C:\Program Files\Java\jdk1.8.0_151\jre\lib\charsets.jar;C:\Program Files\Java\jdk1.8.0_151\jre\lib\jfr.jar;C:\Program Files\Java\jdk1.8.0_151\jre\classes"/>
    <property name="user.script" value=""/>
    <property name="sun.management.compiler" value="HotSpot 64-Bit Tiered Compilers"/>
    <property name="java.runtime.version" value="1.8.0_151-b12"/>
    <property name="user.name" value="cg00046"/>
    <property name="path.separator" value=";"/>
    <property name="os.version" value="10.0"/>
    <property name="java.endorsed.dirs" value="C:\Program Files\Java\jdk1.8.0_151\jre\lib\endorsed"/>
    <property name="java.runtime.name" value="Java(TM) SE Runtime Environment"/>
    <property name="file.encoding" value="Cp1252"/>
    <property name="java.vm.name" value="Java HotSpot(TM) 64-Bit Server VM"/>
    <property name="localRepository" value="D:\Tools\Maven\m2repo"/>
    <property name="java.vendor.url.bug" value="http://bugreport.sun.com/bugreport/"/>
    <property name="java.io.tmpdir" value="D:\cg00046\AppData\Local\Temp\"/>
    <property name="java.version" value="1.8.0_151"/>
    <property name="user.dir" value="D:\Work\WKS\Java\ConfigServerTest\ClientConfigServer"/>
    <property name="os.arch" value="amd64"/>
    <property name="java.vm.specification.name" value="Java Virtual Machine Specification"/>
    <property name="java.awt.printerjob" value="sun.awt.windows.WPrinterJob"/>
    <property name="sun.os.patch.level" value=""/>
    <property name="java.library.path" value="C:\Program Files\Java\jdk1.8.0_151\jre\bin;C:\WINDOWS\Sun\Java\bin;C:\WINDOWS\system32;C:\WINDOWS;C:\Program Files (x86)\Microsoft SDKs\Azure\CLI2\wbin;C:\Program Files (x86)\Intel\Intel(R) Management Engine Components\iCLS\;C:\Program Files\Intel\Intel(R) Management Engine Components\iCLS\;D:\Utils\ddbb\win64_11gR2_client\product\11.2.0\client_1;C:\Program Files (x86)\IBM\WebSphere MQ\Java\lib;C:\Program Files (x86)\IBM\WebSphere MQ\Java\lib64;C:\ProgramData\Oracle\Java\javapath;C:\WINDOWS\system32;C:\WINDOWS;C:\WINDOWS\System32\Wbem;C:\WINDOWS\System32\WindowsPowerShell\v1.0\;C:\Program Files (x86)\Microsoft Application Virtualization Client;C:\Program Files\PuTTY\;D:\Tools\npm\;C:\Program Files (x86)\IBM\WebSphere MQ\bin64;C:\Program Files (x86)\IBM\WebSphere MQ\bin;C:\Program Files (x86)\IBM\WebSphere MQ\tools\c\samples\bin;C:\Program Files\MySQL\MySQL Server 5.1\bin;C:\Program Files\MySQL\MySQL Utilities 1.6\;D:\Tools\Git\cmd;C:\Program Files (x86)\Intel\Intel(R) Management Engine Components\DAL;C:\Program Files\Intel\Intel(R) Management Engine Components\DAL;C:\Program Files (x86)\Intel\Intel(R) Management Engine Components\IPT;C:\Program Files\Intel\Intel(R) Management Engine Components\IPT;C:\Program Files\dotnet\;D:\Tools\Groovy\Groovy-2.4.17\bin;C:\WINDOWS\System32\OpenSSH\;D:\Tools\Python\Python38\Scripts\;D:\Tools\Python\Python38\;C:\Users\cg00046\AppData\Local\Microsoft\WindowsApps;D:\Tools\Maven\apache-maven-3.5.2\bin;C:\Users\cg00046\AppData\Roaming\npm;D:\Tools\IDE\Microsoft VS Code\bin;D:\Tools\Salesforce CLI\bin;;D:\Utils\Fiddler;."/>
    <property name="java.vm.info" value="mixed mode"/>
    <property name="java.vendor" value="Oracle Corporation"/>
    <property name="java.vm.version" value="25.151-b12"/>
    <property name="java.ext.dirs" value="C:\Program Files\Java\jdk1.8.0_151\jre\lib\ext;C:\WINDOWS\Sun\Java\lib\ext"/>
    <property name="sun.io.unicode.encoding" value="UnicodeLittle"/>
    <property name="java.class.version" value="52.0"/>
  </properties>
  <testcase name="contextLoads" classname="com.tlf.arq.les.wip.configservertest.ConfigservertestApplicationTests" time="0.309"/>
</testsuite>